<?xml version="1.0" encoding="UTF-8"?>
<!-- Generated by org.testng.reporters.JUnitXMLReporter -->
<testsuite hostname="v2mumlp0171" ignored="0" name="VWR_03_Verify_SignInWithInValidandInValidCredentials" tests="1" failures="0" timestamp="03 Jun 2021 07:37:23 GMT" time="0.241" errors="0">
  <testcase name="verify_SignInWithInValidandInValidCredentials" time="0.005" classname="in.v2solutions.hybrid.testcases.VWR_03_Verify_SignInWithInValidandInValidCredentials">
    <skipped/>
  </testcase> <!-- verify_SignInWithInValidandInValidCredentials -->
</testsuite> <!-- VWR_03_Verify_SignInWithInValidandInValidCredentials -->
