<?xml version="1.0" encoding="UTF-8"?>
<!-- Generated by org.testng.reporters.JUnitXMLReporter -->
<testsuite hostname="v2mumlp0171" ignored="0" name="VWR_06_Verify_TravelExpense" tests="1" failures="0" timestamp="03 Jun 2021 07:37:24 GMT" time="0.095" errors="0">
  <testcase name="verify_TravelExpense" time="0.002" classname="in.v2solutions.hybrid.testcases.VWR_06_Verify_TravelExpense">
    <skipped/>
  </testcase> <!-- verify_TravelExpense -->
</testsuite> <!-- VWR_06_Verify_TravelExpense -->
