<?xml version="1.0" encoding="UTF-8"?>
<!-- Generated by org.testng.reporters.JUnitXMLReporter -->
<testsuite hostname="v2mumlp0171" ignored="0" name="VWR_01_Verify_QueueCreateUpdateDelete" tests="1" failures="0" timestamp="16 Jun 2022 11:16:12 GMT" time="0.771" errors="0">
  <testcase name="verify_QueueCreateUpdateDelete" time="0.016" classname="in.v2solutions.hybrid.testcases.VWR_01_Verify_QueueCreateUpdateDelete">
    <skipped/>
  </testcase> <!-- verify_QueueCreateUpdateDelete -->
</testsuite> <!-- VWR_01_Verify_QueueCreateUpdateDelete -->
